<?xml version="1.0" encoding="UTF-8"?>
<!-- Generated by org.testng.reporters.JUnitReportReporter -->
<testsuite hostname="DESKTOP-OBFHR2V" failures="0" tests="1" name="com.driver.LaunchChrome" time="8.591" errors="0" timestamp="2022-01-02T09:53:21 IST" skipped="0">
  <testcase classname="com.driver.LaunchChrome" name="launchURL" time="8.591"/>
  <system-out/>
</testsuite> <!-- com.driver.LaunchChrome -->
